# JRE version: Java(TM) SE Runtime Environment (17.0.2+8) (build 17.0.2+8-LTS-86)
# Java VM: Java HotSpot(TM) 64-Bit Server VM (17.0.2+8-LTS-86, mixed mode, sharing, tiered, compressed oops, compressed class ptrs, g1 gc, windows-amd64)
GC Precious Log:
 CPUs: 4 total, 4 available
 Memory: 8107M
 Large Page Support: Disabled
 NUMA Support: Disabled
 Compressed Oops: Enabled (32-bit)
 Heap Region Size: 1M
 Heap Min Capacity: 8M
 Heap Initial Capacity: 128M
 Heap Max Capacity: 2028M
 Pre-touch: Disabled
 Parallel Workers: 4
 Concurrent Workers: 1
 Concurrent Refinement Workers: 4
 Periodic GC: Disabled
Heap:
 garbage-first heap   total 179200K, used 109923K [0x0000000081400000, 0x0000000100000000)
  region size 1024K, 9 young (9216K), 4 survivors (4096K)
 Metaspace       used 54290K, committed 54848K, reserved 1097728K
  class space    used 8873K, committed 9088K, reserved 1048576K
GC Heap History (20 events):
Event: 16.338 GC heap before
{Heap before GC invocations=34 (full 0):
 garbage-first heap   total 201728K, used 92674K [0x0000000081400000, 0x0000000100000000)
  region size 1024K, 5 young (5120K), 1 survivors (1024K)
 Metaspace       used 40089K, committed 40448K, reserved 1089536K
  class space    used 7077K, committed 7232K, reserved 1048576K
}
Event: 16.343 GC heap after
{Heap after GC invocations=35 (full 0):
 garbage-first heap   total 201728K, used 32330K [0x0000000081400000, 0x0000000100000000)
  region size 1024K, 1 young (1024K), 1 survivors (1024K)
 Metaspace       used 40089K, committed 40448K, reserved 1089536K
  class space    used 7077K, committed 7232K, reserved 1048576K
}
Event: 16.557 GC heap before
{Heap before GC invocations=36 (full 0):
 garbage-first heap   total 201728K, used 99914K [0x0000000081400000, 0x0000000100000000)
  region size 1024K, 11 young (11264K), 1 survivors (1024K)
 Metaspace       used 40089K, committed 40448K, reserved 1089536K
  class space    used 7077K, committed 7232K, reserved 1048576K
}
Event: 16.559 GC heap after
{Heap after GC invocations=37 (full 0):
 garbage-first heap   total 201728K, used 40569K [0x0000000081400000, 0x0000000100000000)
  region size 1024K, 2 young (2048K), 2 survivors (2048K)
 Metaspace       used 40089K, committed 40448K, reserved 1089536K
  class space    used 7077K, committed 7232K, reserved 1048576K
}
Event: 17.125 GC heap before
{Heap before GC invocations=37 (full 0):
 garbage-first heap   total 201728K, used 153209K [0x0000000081400000, 0x0000000100000000)
  region size 1024K, 64 young (65536K), 2 survivors (2048K)
 Metaspace       used 40091K, committed 40448K, reserved 1089536K
  class space    used 7077K, committed 7232K, reserved 1048576K
}
Event: 17.127 GC heap after
{Heap after GC invocations=38 (full 0):
 garbage-first heap   total 201728K, used 27371K [0x0000000081400000, 0x0000000100000000)
  region size 1024K, 1 young (1024K), 1 survivors (1024K)
 Metaspace       used 40091K, committed 40448K, reserved 1089536K
  class space    used 7077K, committed 7232K, reserved 1048576K
}
Event: 17.335 GC heap before
{Heap before GC invocations=39 (full 0):
 garbage-first heap   total 171008K, used 81643K [0x0000000081400000, 0x0000000100000000)
  region size 1024K, 7 young (7168K), 1 survivors (1024K)
 Metaspace       used 40091K, committed 40448K, reserved 1089536K
  class space    used 7077K, committed 7232K, reserved 1048576K
}
Event: 17.337 GC heap after
{Heap after GC invocations=40 (full 0):
 garbage-first heap   total 171008K, used 28441K [0x0000000081400000, 0x0000000100000000)
  region size 1024K, 1 young (1024K), 1 survivors (1024K)
 Metaspace       used 40091K, committed 40448K, reserved 1089536K
  class space    used 7077K, committed 7232K, reserved 1048576K
}
Event: 17.536 GC heap before
{Heap before GC invocations=41 (full 0):
 garbage-first heap   total 171008K, used 97049K [0x0000000081400000, 0x0000000100000000)
  region size 1024K, 23 young (23552K), 1 survivors (1024K)
 Metaspace       used 40091K, committed 40448K, reserved 1089536K
  class space    used 7077K, committed 7232K, reserved 1048576K
}
Event: 17.537 GC heap after
{Heap after GC invocations=42 (full 0):
 garbage-first heap   total 171008K, used 42738K [0x0000000081400000, 0x0000000100000000)
  region size 1024K, 2 young (2048K), 2 survivors (2048K)
 Metaspace       used 40091K, committed 40448K, reserved 1089536K
  class space    used 7077K, committed 7232K, reserved 1048576K
}
Event: 17.700 GC heap before
{Heap before GC invocations=42 (full 0):
 garbage-first heap   total 171008K, used 91890K [0x0000000081400000, 0x0000000100000000)
  region size 1024K, 18 young (18432K), 2 survivors (2048K)
 Metaspace       used 40091K, committed 40448K, reserved 1089536K
  class space    used 7077K, committed 7232K, reserved 1048576K
}
Event: 17.704 GC heap after
{Heap after GC invocations=43 (full 0):
 garbage-first heap   total 171008K, used 34172K [0x0000000081400000, 0x0000000100000000)
  region size 1024K, 2 young (2048K), 2 survivors (2048K)
 Metaspace       used 40091K, committed 40448K, reserved 1089536K
  class space    used 7077K, committed 7232K, reserved 1048576K
}
Event: 24.105 GC heap before
{Heap before GC invocations=44 (full 0):
 garbage-first heap   total 171008K, used 161148K [0x0000000081400000, 0x0000000100000000)
  region size 1024K, 91 young (93184K), 2 survivors (2048K)
 Metaspace       used 40956K, committed 41344K, reserved 1089536K
  class space    used 7175K, committed 7360K, reserved 1048576K
}
Event: 24.169 GC heap after
{Heap after GC invocations=45 (full 0):
 garbage-first heap   total 176128K, used 38058K [0x0000000081400000, 0x0000000100000000)
  region size 1024K, 11 young (11264K), 11 survivors (11264K)
 Metaspace       used 40956K, committed 41344K, reserved 1089536K
  class space    used 7175K, committed 7360K, reserved 1048576K
}
Event: 47.467 GC heap before
{Heap before GC invocations=45 (full 0):
 garbage-first heap   total 176128K, used 134314K [0x0000000081400000, 0x0000000100000000)
  region size 1024K, 103 young (105472K), 11 survivors (11264K)
 Metaspace       used 52258K, committed 52736K, reserved 1097728K
  class space    used 8697K, committed 8896K, reserved 1048576K
}
Event: 47.556 GC heap after
{Heap after GC invocations=46 (full 0):
 garbage-first heap   total 176128K, used 64477K [0x0000000081400000, 0x0000000100000000)
  region size 1024K, 13 young (13312K), 13 survivors (13312K)
 Metaspace       used 52258K, committed 52736K, reserved 1097728K
  class space    used 8697K, committed 8896K, reserved 1048576K
}
Event: 71.644 GC heap before
{Heap before GC invocations=46 (full 0):
 garbage-first heap   total 176128K, used 122845K [0x0000000081400000, 0x0000000100000000)
  region size 1024K, 71 young (72704K), 13 survivors (13312K)
 Metaspace       used 54011K, committed 54528K, reserved 1097728K
  class space    used 8838K, committed 9024K, reserved 1048576K
}
Event: 71.672 GC heap after
{Heap after GC invocations=47 (full 0):
 garbage-first heap   total 176128K, used 101279K [0x0000000081400000, 0x0000000100000000)
  region size 1024K, 9 young (9216K), 9 survivors (9216K)
 Metaspace       used 54011K, committed 54528K, reserved 1097728K
  class space    used 8838K, committed 9024K, reserved 1048576K
}
Event: 118.679 GC heap before
{Heap before GC invocations=47 (full 0):
 garbage-first heap   total 176128K, used 129951K [0x0000000081400000, 0x0000000100000000)
  region size 1024K, 37 young (37888K), 9 survivors (9216K)
 Metaspace       used 54289K, committed 54848K, reserved 1097728K
  class space    used 8871K, committed 9088K, reserved 1048576K
}
Event: 118.689 GC heap after
{Heap after GC invocations=48 (full 0):
 garbage-first heap   total 176128K, used 105827K [0x0000000081400000, 0x0000000100000000)
  region size 1024K, 4 young (4096K), 4 survivors (4096K)
 Metaspace       used 54289K, committed 54848K, reserved 1097728K
  class space    used 8871K, committed 9088K, reserved 1048576K
}

