# JRE version: Java(TM) SE Runtime Environment (17.0.2+8) (build 17.0.2+8-LTS-86)
# Java VM: Java HotSpot(TM) 64-Bit Server VM (17.0.2+8-LTS-86, mixed mode, sharing, tiered, compressed oops, compressed class ptrs, g1 gc, windows-amd64)
GC Precious Log:
 CPUs: 4 total, 4 available
 Memory: 8107M
 Large Page Support: Disabled
 NUMA Support: Disabled
 Compressed Oops: Enabled (32-bit)
 Heap Region Size: 1M
 Heap Min Capacity: 8M
 Heap Initial Capacity: 128M
 Heap Max Capacity: 2028M
 Pre-touch: Disabled
 Parallel Workers: 4
 Concurrent Workers: 1
 Concurrent Refinement Workers: 4
 Periodic GC: Disabled
Heap:
 garbage-first heap   total 186368K, used 106931K [0x0000000081400000, 0x0000000100000000)
  region size 1024K, 8 young (8192K), 2 survivors (2048K)
 Metaspace       used 53663K, committed 54144K, reserved 1097728K
  class space    used 8757K, committed 8960K, reserved 1048576K
GC Heap History (20 events):
Event: 13.668 GC heap before
{Heap before GC invocations=20 (full 0):
 garbage-first heap   total 145408K, used 140352K [0x0000000081400000, 0x0000000100000000)
  region size 1024K, 5 young (5120K), 1 survivors (1024K)
 Metaspace       used 39773K, committed 40128K, reserved 1089536K
  class space    used 7007K, committed 7168K, reserved 1048576K
}
Event: 13.669 GC heap after
{Heap after GC invocations=21 (full 0):
 garbage-first heap   total 145408K, used 71524K [0x0000000081400000, 0x0000000100000000)
  region size 1024K, 1 young (1024K), 1 survivors (1024K)
 Metaspace       used 39773K, committed 40128K, reserved 1089536K
  class space    used 7007K, committed 7168K, reserved 1048576K
}
Event: 13.826 GC heap before
{Heap before GC invocations=21 (full 0):
 garbage-first heap   total 145408K, used 139108K [0x0000000081400000, 0x0000000100000000)
  region size 1024K, 6 young (6144K), 1 survivors (1024K)
 Metaspace       used 39773K, committed 40128K, reserved 1089536K
  class space    used 7007K, committed 7168K, reserved 1048576K
}
Event: 13.830 GC heap after
{Heap after GC invocations=22 (full 0):
 garbage-first heap   total 336896K, used 66047K [0x0000000081400000, 0x0000000100000000)
  region size 1024K, 1 young (1024K), 1 survivors (1024K)
 Metaspace       used 39773K, committed 40128K, reserved 1089536K
  class space    used 7007K, committed 7168K, reserved 1048576K
}
Event: 14.309 GC heap before
{Heap before GC invocations=22 (full 0):
 garbage-first heap   total 336896K, used 223743K [0x0000000081400000, 0x0000000100000000)
  region size 1024K, 18 young (18432K), 1 survivors (1024K)
 Metaspace       used 39776K, committed 40128K, reserved 1089536K
  class space    used 7007K, committed 7168K, reserved 1048576K
}
Event: 14.310 GC heap after
{Heap after GC invocations=23 (full 0):
 garbage-first heap   total 336896K, used 45778K [0x0000000081400000, 0x0000000100000000)
  region size 1024K, 1 young (1024K), 1 survivors (1024K)
 Metaspace       used 39776K, committed 40128K, reserved 1089536K
  class space    used 7007K, committed 7168K, reserved 1048576K
}
Event: 14.984 GC heap before
{Heap before GC invocations=24 (full 0):
 garbage-first heap   total 290816K, used 279250K [0x0000000081400000, 0x0000000100000000)
  region size 1024K, 73 young (74752K), 1 survivors (1024K)
 Metaspace       used 39776K, committed 40128K, reserved 1089536K
  class space    used 7007K, committed 7168K, reserved 1048576K
}
Event: 14.986 GC heap after
{Heap after GC invocations=25 (full 0):
 garbage-first heap   total 290816K, used 33161K [0x0000000081400000, 0x0000000100000000)
  region size 1024K, 2 young (2048K), 2 survivors (2048K)
 Metaspace       used 39776K, committed 40128K, reserved 1089536K
  class space    used 7007K, committed 7168K, reserved 1048576K
}
Event: 15.152 GC heap before
{Heap before GC invocations=25 (full 0):
 garbage-first heap   total 290816K, used 81289K [0x0000000081400000, 0x0000000100000000)
  region size 1024K, 15 young (15360K), 2 survivors (2048K)
 Metaspace       used 39776K, committed 40128K, reserved 1089536K
  class space    used 7007K, committed 7168K, reserved 1048576K
}
Event: 15.154 GC heap after
{Heap after GC invocations=26 (full 0):
 garbage-first heap   total 290816K, used 27827K [0x0000000081400000, 0x0000000100000000)
  region size 1024K, 2 young (2048K), 2 survivors (2048K)
 Metaspace       used 39776K, committed 40128K, reserved 1089536K
  class space    used 7007K, committed 7168K, reserved 1048576K
}
Event: 23.775 GC heap before
{Heap before GC invocations=26 (full 0):
 garbage-first heap   total 290816K, used 279731K [0x0000000081400000, 0x0000000100000000)
  region size 1024K, 145 young (148480K), 2 survivors (2048K)
 Metaspace       used 41605K, committed 41984K, reserved 1089536K
  class space    used 7214K, committed 7360K, reserved 1048576K
}
Event: 23.804 GC heap after
{Heap after GC invocations=27 (full 0):
 garbage-first heap   total 300032K, used 42383K [0x0000000081400000, 0x0000000100000000)
  region size 1024K, 17 young (17408K), 17 survivors (17408K)
 Metaspace       used 41605K, committed 41984K, reserved 1089536K
  class space    used 7214K, committed 7360K, reserved 1048576K
}
Event: 23.943 GC heap before
{Heap before GC invocations=27 (full 0):
 garbage-first heap   total 300032K, used 43407K [0x0000000081400000, 0x0000000100000000)
  region size 1024K, 20 young (20480K), 17 survivors (17408K)
 Metaspace       used 41607K, committed 41984K, reserved 1089536K
  class space    used 7214K, committed 7360K, reserved 1048576K
}
Event: 23.970 GC heap after
{Heap after GC invocations=28 (full 0):
 garbage-first heap   total 300032K, used 43993K [0x0000000081400000, 0x0000000100000000)
  region size 1024K, 3 young (3072K), 3 survivors (3072K)
 Metaspace       used 41607K, committed 41984K, reserved 1089536K
  class space    used 7214K, committed 7360K, reserved 1048576K
}
Event: 40.890 GC heap before
{Heap before GC invocations=29 (full 0):
 garbage-first heap   total 157696K, used 136153K [0x0000000081400000, 0x0000000100000000)
  region size 1024K, 93 young (95232K), 3 survivors (3072K)
 Metaspace       used 52177K, committed 52672K, reserved 1097728K
  class space    used 8649K, committed 8896K, reserved 1048576K
}
Event: 40.940 GC heap after
{Heap after GC invocations=30 (full 0):
 garbage-first heap   total 186368K, used 89561K [0x0000000081400000, 0x0000000100000000)
  region size 1024K, 22 young (22528K), 22 survivors (22528K)
 Metaspace       used 52177K, committed 52672K, reserved 1097728K
  class space    used 8649K, committed 8896K, reserved 1048576K
}
Event: 73.689 GC heap before
{Heap before GC invocations=30 (full 0):
 garbage-first heap   total 186368K, used 122329K [0x0000000081400000, 0x0000000100000000)
  region size 1024K, 55 young (56320K), 22 survivors (22528K)
 Metaspace       used 53562K, committed 54080K, reserved 1097728K
  class space    used 8750K, committed 8960K, reserved 1048576K
}
Event: 73.707 GC heap after
{Heap after GC invocations=31 (full 0):
 garbage-first heap   total 186368K, used 99289K [0x0000000081400000, 0x0000000100000000)
  region size 1024K, 7 young (7168K), 7 survivors (7168K)
 Metaspace       used 53562K, committed 54080K, reserved 1097728K
  class space    used 8750K, committed 8960K, reserved 1048576K
}
Event: 133.237 GC heap before
{Heap before GC invocations=32 (full 0):
 garbage-first heap   total 186368K, used 128985K [0x0000000081400000, 0x0000000100000000)
  region size 1024K, 36 young (36864K), 7 survivors (7168K)
 Metaspace       used 53606K, committed 54080K, reserved 1097728K
  class space    used 8745K, committed 8960K, reserved 1048576K
}
Event: 133.248 GC heap after
{Heap after GC invocations=33 (full 0):
 garbage-first heap   total 186368K, used 101811K [0x0000000081400000, 0x0000000100000000)
  region size 1024K, 2 young (2048K), 2 survivors (2048K)
 Metaspace       used 53606K, committed 54080K, reserved 1097728K
  class space    used 8745K, committed 8960K, reserved 1048576K
}

